Flow report for Edge_detection_project
Sun Nov 18 13:21:35 2018
Quartus Prime Version 17.1.0 Build 590 10/25/2017 SJ Lite Edition


---------------------
; Table of Contents ;
---------------------
  1. Legal Notice
  2. Flow Summary
  3. Flow Settings
  4. Flow Non-Default Global Settings
  5. Flow Elapsed Time
  6. Flow OS Summary
  7. Flow Log
  8. Flow Messages
  9. Flow Suppressed Messages



----------------
; Legal Notice ;
----------------
Copyright (C) 2017  Intel Corporation. All rights reserved.
Your use of Intel Corporation's design tools, logic functions 
and other software and tools, and its AMPP partner logic 
functions, and any output files from any of the foregoing 
(including device programming or simulation files), and any 
associated documentation or information are expressly subject 
to the terms and conditions of the Intel Program License 
Subscription Agreement, the Intel Quartus Prime License Agreement,
the Intel FPGA IP License Agreement, or other applicable license
agreement, including, without limitation, that your use is for
the sole purpose of programming logic devices manufactured by
Intel and sold by Intel or its authorized distributors.  Please
refer to the applicable agreement for further details.



+----------------------------------------------------------------------------------+
; Flow Summary                                                                     ;
+------------------------------------+---------------------------------------------+
; Flow Status                        ; Successful - Sun Nov 18 13:21:32 2018       ;
; Quartus Prime Version              ; 17.1.0 Build 590 10/25/2017 SJ Lite Edition ;
; Revision Name                      ; Edge_detection_project                      ;
; Top-level Entity Name              ; Edge_detection_project                      ;
; Family                             ; Cyclone IV E                                ;
; Device                             ; EP4CE6E22C8                                 ;
; Timing Models                      ; Final                                       ;
; Total logic elements               ; 699 / 6,272 ( 11 % )                        ;
;     Total combinational functions  ; 634 / 6,272 ( 10 % )                        ;
;     Dedicated logic registers      ; 242 / 6,272 ( 4 % )                         ;
; Total registers                    ; 242                                         ;
; Total pins                         ; 19 / 92 ( 21 % )                            ;
; Total virtual pins                 ; 0                                           ;
; Total memory bits                  ; 202,500 / 276,480 ( 73 % )                  ;
; Embedded Multiplier 9-bit elements ; 0 / 30 ( 0 % )                              ;
; Total PLLs                         ; 1 / 2 ( 50 % )                              ;
+------------------------------------+---------------------------------------------+


+--------------------------------------------+
; Flow Settings                              ;
+-------------------+------------------------+
; Option            ; Setting                ;
+-------------------+------------------------+
; Start date & time ; 11/18/2018 13:20:45    ;
; Main task         ; Compilation            ;
; Revision Name     ; Edge_detection_project ;
+-------------------+------------------------+


+-------------------------------------------------------------------------------------------------------------------------+
; Flow Non-Default Global Settings                                                                                        ;
+-------------------------------------+----------------------------------------+---------------+-------------+------------+
; Assignment Name                     ; Value                                  ; Default Value ; Entity Name ; Section Id ;
+-------------------------------------+----------------------------------------+---------------+-------------+------------+
; COMPILER_SIGNATURE_ID               ; 8796748159169.154253644521753          ; --            ; --          ; --         ;
; MAX_CORE_JUNCTION_TEMP              ; 85                                     ; --            ; --          ; --         ;
; MIN_CORE_JUNCTION_TEMP              ; 0                                      ; --            ; --          ; --         ;
; MISC_FILE                           ; pll.ppf                                ; --            ; --          ; --         ;
; NOMINAL_CORE_SUPPLY_VOLTAGE         ; 1.2V                                   ; --            ; --          ; --         ;
; PARTITION_COLOR                     ; -- (Not supported for targeted family) ; --            ; --          ; Top        ;
; PARTITION_FITTER_PRESERVATION_LEVEL ; -- (Not supported for targeted family) ; --            ; --          ; Top        ;
; PARTITION_NETLIST_TYPE              ; -- (Not supported for targeted family) ; --            ; --          ; Top        ;
; PROJECT_OUTPUT_DIRECTORY            ; output_files                           ; --            ; --          ; --         ;
+-------------------------------------+----------------------------------------+---------------+-------------+------------+


+-------------------------------------------------------------------------------------------------------------------------------+
; Flow Elapsed Time                                                                                                             ;
+---------------------------+--------------+-------------------------+---------------------+------------------------------------+
; Module Name               ; Elapsed Time ; Average Processors Used ; Peak Virtual Memory ; Total CPU Time (on all processors) ;
+---------------------------+--------------+-------------------------+---------------------+------------------------------------+
; Analysis & Synthesis      ; 00:00:33     ; 1.0                     ; 1006 MB             ; 00:00:20                           ;
; Fitter                    ; 00:00:11     ; 1.0                     ; 1135 MB             ; 00:00:09                           ;
; Assembler                 ; 00:00:01     ; 1.0                     ; 811 MB              ; 00:00:01                           ;
; TimeQuest Timing Analyzer ; 00:00:03     ; 1.0                     ; 779 MB              ; 00:00:02                           ;
; Total                     ; 00:00:48     ; --                      ; --                  ; 00:00:32                           ;
+---------------------------+--------------+-------------------------+---------------------+------------------------------------+


+---------------------------------------------------------------------------------------------+
; Flow OS Summary                                                                             ;
+---------------------------+------------------+----------------+------------+----------------+
; Module Name               ; Machine Hostname ; OS Name        ; OS Version ; Processor type ;
+---------------------------+------------------+----------------+------------+----------------+
; Analysis & Synthesis      ; user-VirtualBox  ; Ubuntu 16.04.5 ; 16         ; x86_64         ;
; Fitter                    ; user-VirtualBox  ; Ubuntu 16.04.5 ; 16         ; x86_64         ;
; Assembler                 ; user-VirtualBox  ; Ubuntu 16.04.5 ; 16         ; x86_64         ;
; TimeQuest Timing Analyzer ; user-VirtualBox  ; Ubuntu 16.04.5 ; 16         ; x86_64         ;
+---------------------------+------------------+----------------+------------+----------------+


------------
; Flow Log ;
------------
quartus_map --read_settings_files=on --write_settings_files=off Edge_detection_project -c Edge_detection_project
quartus_fit --read_settings_files=off --write_settings_files=off Edge_detection_project -c Edge_detection_project
quartus_asm --read_settings_files=off --write_settings_files=off Edge_detection_project -c Edge_detection_project
quartus_sta Edge_detection_project -c Edge_detection_project



